<?xml version="1.0" encoding="UTF-8"?>
<testsuite name="com.gorest.gorestinfo.UserCRUDTest" time="0.001" tests="5" errors="5" skipped="0" failures="0">
  <properties>
    <property name="idea.version" value="2022.3.2"/>
    <property name="java.runtime.name" value="Java(TM) SE Runtime Environment"/>
    <property name="sun.boot.library.path" value="C:\Program Files\Java\jdk1.8.0_121\jre\bin"/>
    <property name="java.vm.version" value="25.121-b13"/>
    <property name="java.vm.vendor" value="Oracle Corporation"/>
    <property name="maven.multiModuleProjectDirectory" value="C:\Users\pares\IdeaProjects\gorest-serenity-project"/>
    <property name="java.vendor.url" value="http://java.oracle.com/"/>
    <property name="path.separator" value=";"/>
    <property name="guice.disable.misplaced.annotation.check" value="true"/>
    <property name="java.vm.name" value="Java HotSpot(TM) 64-Bit Server VM"/>
    <property name="file.encoding.pkg" value="sun.io"/>
    <property name="user.script" value=""/>
    <property name="user.country" value="GB"/>
    <property name="sun.java.launcher" value="SUN_STANDARD"/>
    <property name="sun.os.patch.level" value=""/>
    <property name="java.vm.specification.name" value="Java Virtual Machine Specification"/>
    <property name="user.dir" value="C:\Users\pares\IdeaProjects\gorest-serenity-project"/>
    <property name="java.runtime.version" value="1.8.0_121-b13"/>
    <property name="java.awt.graphicsenv" value="sun.awt.Win32GraphicsEnvironment"/>
    <property name="java.endorsed.dirs" value="C:\Program Files\Java\jdk1.8.0_121\jre\lib\endorsed"/>
    <property name="os.arch" value="amd64"/>
    <property name="java.io.tmpdir" value="C:\Users\pares\AppData\Local\Temp\"/>
    <property name="line.separator" value="&#10;"/>
    <property name="java.vm.specification.vendor" value="Oracle Corporation"/>
    <property name="user.variant" value=""/>
    <property name="os.name" value="Windows 10"/>
    <property name="maven.ext.class.path" value="C:\Program Files\JetBrains\IntelliJ IDEA Community Edition 2022.3.2\plugins\maven\lib\maven-event-listener.jar"/>
    <property name="classworlds.conf" value="C:\Program Files\JetBrains\IntelliJ IDEA Community Edition 2022.3.2\plugins\maven\lib\maven3\bin\m2.conf"/>
    <property name="sun.jnu.encoding" value="Cp1252"/>
    <property name="java.library.path" value="C:\Program Files\Java\jdk1.8.0_121\bin;C:\WINDOWS\Sun\Java\bin;C:\WINDOWS\system32;C:\WINDOWS;C:\Program Files (x86)\Common Files\Oracle\Java\javapath;C:\ProgramData\Oracle\Java\javapath;C:\WINDOWS\system32;C:\WINDOWS;C:\WINDOWS\System32\Wbem;C:\WINDOWS\System32\WindowsPowerShell\v1.0\;C:\WINDOWS\System32\OpenSSH\;C:\Program Files\Git\cmd;C:\Program Files\Apache\apache-maven-3.9.1\bin;C:\Program Files\Apache\apache-maven-3.9.1\bin;C:\Program Files\Java\jdk1.8.0_121\bin;C:\Program Files\nodejs\;C:\Users\pares\AppData\Local\Microsoft\WindowsApps;C:\Users\pares\AppData\Roaming\npm;."/>
    <property name="jansi.passthrough" value="true"/>
    <property name="maven.conf" value="C:\Program Files\JetBrains\IntelliJ IDEA Community Edition 2022.3.2\plugins\maven\lib\maven3/conf"/>
    <property name="java.specification.name" value="Java Platform API Specification"/>
    <property name="java.class.version" value="52.0"/>
    <property name="sun.management.compiler" value="HotSpot 64-Bit Tiered Compilers"/>
    <property name="os.version" value="10.0"/>
    <property name="user.home" value="C:\Users\pares"/>
    <property name="user.timezone" value="Europe/London"/>
    <property name="java.awt.printerjob" value="sun.awt.windows.WPrinterJob"/>
    <property name="java.specification.version" value="1.8"/>
    <property name="file.encoding" value="UTF-8"/>
    <property name="user.name" value="pares"/>
    <property name="java.class.path" value="C:\Program Files\JetBrains\IntelliJ IDEA Community Edition 2022.3.2\plugins\maven\lib\maven3\boot\plexus-classworlds-2.6.0.jar;C:\Program Files\JetBrains\IntelliJ IDEA Community Edition 2022.3.2\plugins\maven\lib\maven3\boot\plexus-classworlds.license;C:\Program Files\JetBrains\IntelliJ IDEA Community Edition 2022.3.2\lib\idea_rt.jar"/>
    <property name="java.vm.specification.version" value="1.8"/>
    <property name="sun.arch.data.model" value="64"/>
    <property name="java.home" value="C:\Program Files\Java\jdk1.8.0_121\jre"/>
    <property name="sun.java.command" value="org.codehaus.classworlds.Launcher -Didea.version=2022.3.2 clean verify serenity:aggregate"/>
    <property name="java.specification.vendor" value="Oracle Corporation"/>
    <property name="user.language" value="en"/>
    <property name="awt.toolkit" value="sun.awt.windows.WToolkit"/>
    <property name="java.vm.info" value="mixed mode"/>
    <property name="java.version" value="1.8.0_121"/>
    <property name="java.ext.dirs" value="C:\Program Files\Java\jdk1.8.0_121\jre\lib\ext;C:\WINDOWS\Sun\Java\lib\ext"/>
    <property name="sun.boot.class.path" value="C:\Program Files\Java\jdk1.8.0_121\jre\lib\resources.jar;C:\Program Files\Java\jdk1.8.0_121\jre\lib\rt.jar;C:\Program Files\Java\jdk1.8.0_121\jre\lib\sunrsasign.jar;C:\Program Files\Java\jdk1.8.0_121\jre\lib\jsse.jar;C:\Program Files\Java\jdk1.8.0_121\jre\lib\jce.jar;C:\Program Files\Java\jdk1.8.0_121\jre\lib\charsets.jar;C:\Program Files\Java\jdk1.8.0_121\jre\lib\jfr.jar;C:\Program Files\Java\jdk1.8.0_121\jre\classes"/>
    <property name="java.vendor" value="Oracle Corporation"/>
    <property name="maven.home" value="C:\Program Files\JetBrains\IntelliJ IDEA Community Edition 2022.3.2\plugins\maven\lib\maven3"/>
    <property name="file.separator" value="\"/>
    <property name="java.vendor.url.bug" value="http://bugreport.sun.com/bugreport/"/>
    <property name="sun.cpu.endian" value="little"/>
    <property name="sun.io.unicode.encoding" value="UnicodeLittle"/>
    <property name="sun.desktop" value="windows"/>
    <property name="sun.cpu.isalist" value="amd64"/>
  </properties>
  <testcase name="test001" classname="com.gorest.gorestinfo.UserCRUDTest" time="0.001">
    <error type="java.lang.NullPointerException:">java.lang.NullPointerException: null
	at com.gorest.gorestinfo.UserCRUDTest.test001(UserCRUDTest.java:35)
</error>
    <system-err><![CDATA[29801 [main] INFO net.serenitybdd.core.Serenity - 
        __    _____ _____ ____ _____   ____   _    ____  ____  _____ ____  
  _     \ \  |_   _| ____/ ___|_   _| |  _ \ / \  / ___|/ ___|| ____|  _ \ 
 (_)_____| |   | | |  _| \___ \ | |   | |_) / _ \ \___ \\___ \|  _| | | | |
  _|_____| |   | | | |___ ___) || |   |  __/ ___ \ ___) |___) | |___| |_| |
 (_)     | |   |_| |_____|____/ |_|   |_| /_/   \_\____/|____/|_____|____/ 
        /_/                                                                

TEST PASSED: This test will delete user information from the application and verify user deleted successfully
----------------------------------------------------------------------------
29826 [pool-1-thread-3] INFO net.thucydides.core.reports.json.JSONTestOutcomeReporter - Generating JSON report for This test will delete user information from the application and verify user deleted successfully to file C:\Users\pares\IdeaProjects\gorest-serenity-project\target\site\serenity\1bcbd6b803662a0d144619143ef3026d756a238e52c46a9f10ee9c8876930669.json (using temp file C:\Users\pares\IdeaProjects\gorest-serenity-project\target\site\serenity\1bcbd6b803662a0d144619143ef3026d756a238e52c46a9f10ee9c8876930669.json37c6a71f-c911-4b60-ac44-70bd2d3b8c36)
29826 [pool-1-thread-2] INFO net.thucydides.core.reports.json.JSONTestOutcomeReporter - Generating JSON report for Get all the user list on the page 1 to per_page 20 to file C:\Users\pares\IdeaProjects\gorest-serenity-project\target\site\serenity\71679b2233e442b7b24236a664c22817c91b1dc01b20919ce9820aaa8a032902.json (using temp file C:\Users\pares\IdeaProjects\gorest-serenity-project\target\site\serenity\71679b2233e442b7b24236a664c22817c91b1dc01b20919ce9820aaa8a032902.jsonff52332c-4390-4d0d-be55-75ed0f4f06e2)
29826 [pool-1-thread-1] INFO net.thucydides.core.reports.json.JSONTestOutcomeReporter - Generating JSON report for This test will add new user in the application to file C:\Users\pares\IdeaProjects\gorest-serenity-project\target\site\serenity\34bcb17cac60a9c0f882205d4cfa148458b6614d7ef306cde3efa659f1a469f8.json (using temp file C:\Users\pares\IdeaProjects\gorest-serenity-project\target\site\serenity\34bcb17cac60a9c0f882205d4cfa148458b6614d7ef306cde3efa659f1a469f8.json4f300f88-a926-4ea9-aece-9e3b7c1dd459)
29950 [pool-2-thread-1] INFO net.thucydides.core.reports.html.HtmlAcceptanceTestReporter - GENERATING HTML REPORT FOR Create user data driven test:test001 in 34bcb17cac60a9c0f882205d4cfa148458b6614d7ef306cde3efa659f1a469f8.html in directory target\site\serenity  
29950 [pool-2-thread-3] INFO net.thucydides.core.reports.html.HtmlAcceptanceTestReporter - GENERATING HTML REPORT FOR Create user data driven test:test003 in 1bcbd6b803662a0d144619143ef3026d756a238e52c46a9f10ee9c8876930669.html in directory target\site\serenity  
29950 [pool-2-thread-2] INFO net.thucydides.core.reports.html.HtmlAcceptanceTestReporter - GENERATING HTML REPORT FOR Create user data driven test:test002 in 71679b2233e442b7b24236a664c22817c91b1dc01b20919ce9820aaa8a032902.html in directory target\site\serenity  
]]></system-err>
  </testcase>
  <testcase name="test002" classname="com.gorest.gorestinfo.UserCRUDTest" time="0">
    <error type="java.lang.NullPointerException:">java.lang.NullPointerException: null
	at com.gorest.gorestinfo.UserCRUDTest.test002(UserCRUDTest.java:47)
</error>
  </testcase>
  <testcase name="test003" classname="com.gorest.gorestinfo.UserCRUDTest" time="0">
    <error type="java.lang.NullPointerException:">java.lang.NullPointerException: null
	at com.gorest.gorestinfo.UserCRUDTest.test003(UserCRUDTest.java:67)
</error>
  </testcase>
  <testcase name="test004" classname="com.gorest.gorestinfo.UserCRUDTest" time="0">
    <error type="java.lang.NullPointerException:">java.lang.NullPointerException: null
	at com.gorest.gorestinfo.UserCRUDTest.test004(UserCRUDTest.java:82)
</error>
  </testcase>
  <testcase name="test005" classname="com.gorest.gorestinfo.UserCRUDTest" time="0">
    <error type="java.lang.NullPointerException:">java.lang.NullPointerException: null
	at com.gorest.gorestinfo.UserCRUDTest.test005(UserCRUDTest.java:98)
</error>
  </testcase>
</testsuite>