<?xml version="1.0" encoding="UTF-8"?>
<testsuite name="com.gorest.gorestinfo.UserCRUDTest" time="0.001" tests="5" errors="5" skipped="0" failures="0">
  <properties>
[...]
</properties>
  <testcase name="test001" classname="com.gorest.gorestinfo.UserCRUDTest" time="0.001">
    <error type="java.lang.NullPointerException:">java.lang.NullPointerException: null
	at com.gorest.gorestinfo.UserCRUDTest.test001(UserCRUDTest.java:35)
</error>
    <system-err><![CDATA[29801 [main] INFO net.serenitybdd.core.Serenity - 
        __    _____ _____ ____ _____   ____   _    ____  ____  _____ ____  
  _     \ \  |_   _| ____/ ___|_   _| |  _ \ / \  / ___|/ ___|| ____|  _ \ 
 (_)_____| |   | | |  _| \___ \ | |   | |_) / _ \ \___ \\___ \|  _| | | | |
  _|_____| |   | | | |___ ___) || |   |  __/ ___ \ ___) |___) | |___| |_| |
 (_)     | |   |_| |_____|____/ |_|   |_| /_/   \_\____/|____/|_____|____/ 
        /_/                                                                

TEST PASSED: This test will delete user information from the application and verify user deleted successfully
----------------------------------------------------------------------------
29826 [pool-1-thread-3] INFO net.thucydides.core.reports.json.JSONTestOutcomeReporter - Generating JSON report for This test will delete user information from the application and verify user deleted successfully to file C:\Users\pares\IdeaProjects\gorest-serenity-project\target\site\serenity\1bcbd6b803662a0d144619143ef3026d756a238e52c46a9f10ee9c8876930669.json (using temp file C:\Users\pares\IdeaProjects\gorest-serenity-project\target\site\serenity\1bcbd6b803662a0d144619143ef3026d756a238e52c46a9f10ee9c8876930669.json37c6a71f-c911-4b60-ac44-70bd2d3b8c36)
29826 [pool-1-thread-2] INFO net.thucydides.core.reports.json.JSONTestOutcomeReporter - Generating JSON report for Get all the user list on the page 1 to per_page 20 to file C:\Users\pares\IdeaProjects\gorest-serenity-project\target\site\serenity\71679b2233e442b7b24236a664c22817c91b1dc01b20919ce9820aaa8a032902.json (using temp file C:\Users\pares\IdeaProjects\gorest-serenity-project\target\site\serenity\71679b2233e442b7b24236a664c22817c91b1dc01b20919ce9820aaa8a032902.jsonff52332c-4390-4d0d-be55-75ed0f4f06e2)
29826 [pool-1-thread-1] INFO net.thucydides.core.reports.json.JSONTestOutcomeReporter - Generating JSON report for This test will add new user in the application to file C:\Users\pares\IdeaProjects\gorest-serenity-project\target\site\serenity\34bcb17cac60a9c0f882205d4cfa148458b6614d7ef306cde3efa659f1a469f8.json (using temp file C:\Users\pares\IdeaProjects\gorest-serenity-project\target\site\serenity\34bcb17cac60a9c0f882205d4cfa148458b6614d7ef306cde3efa659f1a469f8.json4f300f88-a926-4ea9-aece-9e3b7c1dd459)
29950 [pool-2-thread-1] INFO net.thucydides.core.reports.html.HtmlAcceptanceTestReporter - GENERATING HTML REPORT FOR Create user data driven test:test001 in 34bcb17cac60a9c0f882205d4cfa148458b6614d7ef306cde3efa659f1a469f8.html in directory target\site\serenity  
29950 [pool-2-thread-3] INFO net.thucydides.core.reports.html.HtmlAcceptanceTestReporter - GENERATING HTML REPORT FOR Create user data driven test:test003 in 1bcbd6b803662a0d144619143ef3026d756a238e52c46a9f10ee9c8876930669.html in directory target\site\serenity  
29950 [pool-2-thread-2] INFO net.thucydides.core.reports.html.HtmlAcceptanceTestReporter - GENERATING HTML REPORT FOR Create user data driven test:test002 in 71679b2233e442b7b24236a664c22817c91b1dc01b20919ce9820aaa8a032902.html in directory target\site\serenity  
]]></system-err>
  </testcase>
  <testcase name="test002" classname="com.gorest.gorestinfo.UserCRUDTest" time="0">
    <error type="java.lang.NullPointerException:">java.lang.NullPointerException: null
	at com.gorest.gorestinfo.UserCRUDTest.test002(UserCRUDTest.java:47)
</error>
  </testcase>
  <testcase name="test003" classname="com.gorest.gorestinfo.UserCRUDTest" time="0">
    <error type="java.lang.NullPointerException:">java.lang.NullPointerException: null
	at com.gorest.gorestinfo.UserCRUDTest.test003(UserCRUDTest.java:67)
</error>
  </testcase>
  <testcase name="test004" classname="com.gorest.gorestinfo.UserCRUDTest" time="0">
    <error type="java.lang.NullPointerException:">java.lang.NullPointerException: null
	at com.gorest.gorestinfo.UserCRUDTest.test004(UserCRUDTest.java:82)
</error>
  </testcase>
  <testcase name="test005" classname="com.gorest.gorestinfo.UserCRUDTest" time="0">
    <error type="java.lang.NullPointerException:">java.lang.NullPointerException: null
	at com.gorest.gorestinfo.UserCRUDTest.test005(UserCRUDTest.java:98)
</error>
  </testcase>
</testsuite>