<?xml version="1.0" encoding="UTF-8"?><testsuite errors="0" failures="0" name="com.gorest.gorestinfo.UserCRUDTest" skipped="0" tests="5" time="7.5" timestamp="2023-06-06T23:56:19.949+01:00[Europe/London]"><testcase classname="com.gorest.gorestinfo.UserCRUDTest" name="Get all the user list on the page 1 to per_page 20"/><testcase classname="com.gorest.gorestinfo.UserCRUDTest" name="This test will add new user in the application"/><testcase classname="com.gorest.gorestinfo.UserCRUDTest" name="This test will verify the new user added in the application by user id from application"/><testcase classname="com.gorest.gorestinfo.UserCRUDTest" name="This method will update the user information and verify the user by id in the application"/><testcase classname="com.gorest.gorestinfo.UserCRUDTest" name="This test will delete user information from the application and verify user deleted successfully"/></testsuite>