<?xml version="1.0" encoding="UTF-8"?><testsuite errors="0" failures="0" name="com.gorest.gorestinfo.CreateUserDataDrivenTest" skipped="0" tests="30" time="28.75" timestamp="2023-06-06T23:15:37.619+01:00[Europe/London]"><testcase classname="com.gorest.gorestinfo.CreateUserDataDrivenTest" name="This test will add new user in the application"/><testcase classname="com.gorest.gorestinfo.CreateUserDataDrivenTest" name="Get all the user list on the page 1 to per_page 20"/><testcase classname="com.gorest.gorestinfo.CreateUserDataDrivenTest" name="This test will delete user information from the application and verify user deleted successfully"/></testsuite>